
Found perl:
   /usr/bin/perl
   This is perl 5, version 18, subversion 2 (v5.18.2) built for darwin-thread-multi-2level

Found java:
   /usr/bin/java
   java version "1.8.0_191"

Found canu:
   /Users/admin/canu/Darwin-amd64/bin/canu
   Canu snapshot v1.7 +518 changes (r9210 22a2453af2eafd0109c9924b648e91711eb3c701)

Running job 1 based on command line options.
Fetch blocks/000002.dat

Running block 000001 in query 000001

Running with these settings:
--filter-threshold = 1.0E-7
--help = false
--max-shift = 0.2
--min-olap-length = 500
--min-store-length = 0
--no-rc = false
--no-self = false
--no-tf = false
--num-hashes = 768
--num-min-matches = 2
--num-threads = 8
--ordered-kmer-size = 12
--ordered-sketch-size = 1536
--repeat-idf-scale = 10.0
--repeat-weight = 0.9
--settings = 0
--store-full-id = true
--supress-noise = 0
--threshold = 0.73
--version = false
-f = 
-h = false
-k = 16
-p = 
-q = queries/000001
-s = ./blocks/000001.dat

Processing files for storage in reverse index...
Current # sequences loaded and processed from file: 5000...
Current # sequences loaded and processed from file: 10000...
Current # sequences loaded and processed from file: 15000...
Current # sequences stored: 5000...
Current # sequences stored: 10000...
Current # sequences stored: 15000...
Stored 16200 sequences in the index.
Processed 16200 unique sequences (fwd and rev).
Time (s) to read and hash from file: 2.560246893
Time (s) to score and output to self: 4.089772174
Opened fasta file /Users/admin/ecoli-pacbio/correction/1-overlapper/blocks/000002.dat.
Processed 4428 to sequences.
Time (s) to score, hash to-file, and output: 2.520985539
Total scoring time (s): 6.612455216000001
Total time (s): 9.172795721
MinHash search time (s): 5.2531021430000004
Total matches found: 215551
Average number of matches per lookup: 17.205539591315453
Average number of table elements processed per lookup: 753.7845625798212
Average number of table elements processed per match: 43.810573831715
Average % of hashed sequences hit per lookup: 0.5708556044337227
Average % of hashed sequences hit that are matches: 18.604886014852767
Average % of hashed sequences fully compared that are matches: 87.97425474254743
