
Found perl:
   /usr/bin/perl
   This is perl 5, version 18, subversion 2 (v5.18.2) built for darwin-thread-multi-2level

Found java:
   /usr/bin/java
   java version "1.8.0_191"

Found canu:
   /Users/admin/canu/Darwin-amd64/bin/canu
   Canu snapshot v1.7 +518 changes (r9210 22a2453af2eafd0109c9924b648e91711eb3c701)

Running job 1 based on command line options.
Dumping reads from 1 to 8100 (inclusive).

Starting mhap precompute.

Running with these settings:
--filter-threshold = 1.0E-7
--help = false
--max-shift = 0.2
--min-olap-length = 500
--min-store-length = 0
--no-rc = false
--no-self = false
--no-tf = false
--num-hashes = 768
--num-min-matches = 2
--num-threads = 8
--ordered-kmer-size = 12
--ordered-sketch-size = 1536
--repeat-idf-scale = 10.0
--repeat-weight = 0.9
--settings = 0
--store-full-id = true
--supress-noise = 0
--threshold = 0.73
--version = false
-f = ../../0-mercounts/ecoli.ms16.ignore.gz
-h = false
-k = 16
-p = ./000001.input.fasta
-q = .
-s = 

Reading in filter file ../../0-mercounts/ecoli.ms16.ignore.gz.
Read in values for repeat 714 and 0
Warning, k-mer filter file has zero elements.
Initializing
Trying size 714 and it was successfull
Initialized
Time (s) to read filter file: 0.30009662400000003
Read in k-mer filter for sizes: [16]
Processing FASTA files for binary compression...
Current # sequences loaded and processed from file: 5000...
Current # sequences loaded and processed from file: 10000...
Current # sequences loaded and processed from file: 15000...
Processed 16200 sequences (fwd and rev).
Read, hashed, and stored file ./000001.input.fasta to ./000001.input.dat.
Time (s): 294.34028481900003
Total time (s): 294.34042082900004
