
Found perl:
   /usr/bin/perl
   This is perl 5, version 18, subversion 2 (v5.18.2) built for darwin-thread-multi-2level

Found java:
   /usr/bin/java
   java version "1.8.0_191"

Found canu:
   /Users/admin/canu/Darwin-amd64/bin/canu
   Canu snapshot v1.7 +518 changes (r9210 22a2453af2eafd0109c9924b648e91711eb3c701)

Running job 2 based on command line options.
-- Opening seqStore '../ecoli.utgStore/partitionedReads.seqStore' partition 1.
-- Opening tigStore '../ecoli.utgStore' version 1.
-- Opening output results file './utgcns/0001.cns.WORKING'.
--
-- Computing consensus for b=0 to e=1 with errorRate 0.0750 (max 0.4000) and minimum overlap 40
--
Consensus finished successfully.

Bye.
                           ----------CONTAINED READS----------  -DOVETAIL  READS-
  tigID    length   reads      used coverage  ignored coverage      used coverage
------- --------- -------  -------- -------- -------- --------  -------- --------
      1   4644773    9483      8370   14.38x        0    0.00x      1113    4.86x

Processed 1 tig and 0 singletons.

