
Found perl:
   /usr/bin/perl
   This is perl 5, version 18, subversion 2 (v5.18.2) built for darwin-thread-multi-2level

Found java:
   /usr/bin/java
   java version "1.8.0_191"

Found canu:
   /Users/admin/canu/Darwin-amd64/bin/canu
   Canu snapshot v1.7 +518 changes (r9210 22a2453af2eafd0109c9924b648e91711eb3c701)

Running job 1 based on command line options.
Read_Frags()-- Loading target reads 1 through 12528 with 96342081 bases.
Read_Frags()-- 1.166 GB for bases, votes and info.

Read_Olaps()-- Loading 436714 overlaps.
Read_Olaps()-- 0.007 GB for overlaps..

extractReads()-- Loading reads 1 to 12528 (10989 reads with 96340542 bases) overlaps 0 through 436714.
extractReads()-- Loaded.
processReads()-- Launching compute.
processReads()-- Waiting for compute.

Passed overlaps =     435405  99.7003%
Failed overlaps =       1309   0.2997%

Bye.
