
Configuring for:
  hash table:       80000000 bases.
  read stream:    1000000000 bases.


       Raw          Raw  Corrected    Corrected    Trimmed      Trimmed
     Reads        Bases      Reads        Bases      Reads        Bases
---------- ------------ ---------- ------------ ---------- ------------
       322      2983018        293      2470986        281      2430554
       644      5727833        583      4838822        565      4760406
       966      8681187        878      7387863        854      7243989
      1288     11494320       1166      9783458       1134      9599198
      1610     14691858       1447     12502752       1410     12274024
      1932     17608757       1725     14864405       1678     14589915
      2254     20338539       2014     17124790       1954     16816053
      2576     23477555       2303     19642104       2235     19301105
      2898     26629318       2593     22210473       2523     21835226
      3220     29967970       2890     24951261       2817     24523047
      3542     32876247       3169     27222905       3086     26749916
      3864     35870397       3456     29738218       3365     29239098
      4186     38809274       3744     32237729       3648     31711363
      4508     41746733       4028     34726689       3928     34177865
      4830     44685886       4317     37255270       4208     36671229
      5152     47370788       4613     39532937       4494     38905288
      5474     50259745       4912     42040893       4788     41375131
      5796     53289948       5197     44559159       5068     43855730
      6118     56379943       5483     47095559       5347     46351843
      6440     59438711       5764     49602533       5621     48828668
      6762     62338265       6044     52004385       5890     51195073
      7084     65389644       6336     54534076       6177     53682422
      7406     68425844       6619     57057149       6455     56175601
      7728     71379697       6901     59516516       6734     58610996
      8050     74317166       7193     61957590       7017     61020731
      8372     77135546       7490     64351413       7309     63393517
      8694     80201574       7784     66994077       7598     66009957
      9016     83188077       8069     69472588       7875     68429609
      9338     86508091       8357     72341010       8158     71260773
      9660     89555613       8655     75026281       8445     73909350
      9982     92618172       8943     77717227       8726     76580742
     10304     95669522       9241     80421444       9020     79246304
     10626     98514287       9534     82875725       9303     81662991
     10948    101305344       9821     85258010       9582     84022505
     11270    104226465      10120     87758515       9875     86490414
     11592    107293647      10415     90375552      10162     89057851
     11914    110436000      10712     93094624      10451     91739954
     12236    113272191      11000     95505488      10732     94118070
---------- ------------ ---------- ------------ ---------- ------------
     12528    115899341      11268     97749589      10989     96329553

  Job       Hash Range        # Reads      # Bases      Stream Range        # Reads      # Bases
----- --------------------- --------- ------------  --------------------- --------- ------------
    1          1-10400           9107     80007451           1-10400          10989     96340542
    2      10401-12528           1882     16333091           1-12528          10989     96340542
