
Found perl:
   /usr/bin/perl
   This is perl 5, version 18, subversion 2 (v5.18.2) built for darwin-thread-multi-2level

Found java:
   /usr/bin/java
   java version "1.8.0_191"

Found canu:
   /Users/admin/canu/Darwin-amd64/bin/canu
   Canu snapshot v1.7 +518 changes (r9210 22a2453af2eafd0109c9924b648e91711eb3c701)

Running job 1 based on command line options.

STRING_NUM_BITS          31
OFFSET_BITS              31
STRING_NUM_MASK          2147483647
OFFSET_MASK              2147483647
MAX_STRING_NUM           2147483647

Hash_Mask_Bits           22
bgnHashID                1
bgnHashID                10400
Max_Hash_Data_Len        80007451
Max_Hash_Load            0.800000
Kmer Length              22
Min Overlap Length       500
Max Error Rate           0.045000
Min Kmer Matches         0

Num_PThreads             8

sizeof(Hash_Bucket_t)    216
sizeof(Check_Vector_t)   4
sizeof(Hash_Frag_Info_t) 4

HASH_TABLE_SIZE          4194304

hash table size:         864 MB
hash check array         16 MB
string info              0 MB
string start             0 MB

Initializing 8 work areas.
Build_Hash_Index from 1 to 10400

Found 9107 reads with length 80007451 to load; 1293 skipped by being too short; 0 skipped per library restriction
String_Ct:           0/       10400  totalLen:        5959/    80007451  Hash_Entries:        5937/    70464307  Load: 0.01%
HASH LOADING STOPPED: curID           10400 out of        10400
HASH LOADING STOPPED: length       80007451 out of     80007451 max.
HASH LOADING STOPPED: entries      13608267 out of     70464307 max (load 15.45).

Read 582 kmers to mark to skip


Range: 1-10400.  Store has 12528 reads.
Chunk: 163 reads/thread -- (G.endRefID=10400 - G.bgnRefID=1) / G.Num_PThreads=8 / 8

Starting 1-10400 with 163 per thread

Thread 01 processes reads 164-326
Thread 02 processes reads 327-489
Thread 05 processes reads 816-978
Thread 06 processes reads 979-1141
Thread 07 processes reads 1142-1304
Thread 03 processes reads 490-652
Thread 00 processes reads 1-163
Thread 04 processes reads 653-815
Thread 06 writes    reads 979-1141 (3899 overlaps 3899/8045/0 kmer hits with/without overlap/skipped)
Thread 06 processes reads 1305-1467
Thread 05 writes    reads 816-978 (4422 overlaps 4422/14062/0 kmer hits with/without overlap/skipped)
Thread 05 processes reads 1468-1630
Thread 03 writes    reads 490-652 (4223 overlaps 4223/17301/0 kmer hits with/without overlap/skipped)
Thread 03 processes reads 1631-1793
Thread 01 writes    reads 164-326 (4498 overlaps 4498/12426/0 kmer hits with/without overlap/skipped)
Thread 01 processes reads 1794-1956
Thread 02 writes    reads 327-489 (4516 overlaps 4516/12837/0 kmer hits with/without overlap/skipped)
Thread 02 processes reads 1957-2119
Thread 07 writes    reads 1142-1304 (4248 overlaps 4248/12978/0 kmer hits with/without overlap/skipped)
Thread 07 processes reads 2120-2282
Thread 00 writes    reads 1-163 (4633 overlaps 4633/15243/0 kmer hits with/without overlap/skipped)
Thread 00 processes reads 2283-2445
Thread 04 writes    reads 653-815 (4529 overlaps 4529/12951/0 kmer hits with/without overlap/skipped)
Thread 04 processes reads 2446-2608
Thread 06 writes    reads 1305-1467 (4249 overlaps 4249/17069/0 kmer hits with/without overlap/skipped)
Thread 06 processes reads 2609-2771
Thread 05 writes    reads 1468-1630 (4044 overlaps 4044/15143/0 kmer hits with/without overlap/skipped)
Thread 05 processes reads 2772-2934
Thread 02 writes    reads 1957-2119 (3611 overlaps 3611/13410/0 kmer hits with/without overlap/skipped)
Thread 02 processes reads 2935-3097
Thread 03 writes    reads 1631-1793 (3728 overlaps 3728/11786/0 kmer hits with/without overlap/skipped)
Thread 03 processes reads 3098-3260
Thread 07 writes    reads 2120-2282 (3626 overlaps 3626/9486/0 kmer hits with/without overlap/skipped)
Thread 07 processes reads 3261-3423
Thread 00 writes    reads 2283-2445 (3658 overlaps 3658/13142/0 kmer hits with/without overlap/skipped)
Thread 00 processes reads 3424-3586
Thread 01 writes    reads 1794-1956 (4108 overlaps 4108/12122/0 kmer hits with/without overlap/skipped)
Thread 01 processes reads 3587-3749
Thread 04 writes    reads 2446-2608 (3415 overlaps 3415/10449/0 kmer hits with/without overlap/skipped)
Thread 04 processes reads 3750-3912
Thread 00 writes    reads 3424-3586 (2926 overlaps 2926/9026/0 kmer hits with/without overlap/skipped)
Thread 00 processes reads 3913-4075
Thread 06 writes    reads 2609-2771 (3512 overlaps 3512/11140/0 kmer hits with/without overlap/skipped)
Thread 06 processes reads 4076-4238
Thread 01 writes    reads 3587-3749 (3052 overlaps 3052/10699/0 kmer hits with/without overlap/skipped)
Thread 01 processes reads 4239-4401
Thread 02 writes    reads 2935-3097 (3684 overlaps 3684/14283/0 kmer hits with/without overlap/skipped)
Thread 02 processes reads 4402-4564
Thread 06 writes    reads 4076-4238 (2742 overlaps 2742/11372/0 kmer hits with/without overlap/skipped)
Thread 06 processes reads 4565-4727
Thread 07 writes    reads 3261-3423 (2850 overlaps 2850/9588/0 kmer hits with/without overlap/skipped)
Thread 07 processes reads 4728-4890
Thread 04 writes    reads 3750-3912 (2827 overlaps 2827/10740/0 kmer hits with/without overlap/skipped)
Thread 04 processes reads 4891-5053
Thread 03 writes    reads 3098-3260 (3458 overlaps 3458/12043/0 kmer hits with/without overlap/skipped)
Thread 03 processes reads 5054-5216
Thread 05 writes    reads 2772-2934 (3689 overlaps 3689/13607/0 kmer hits with/without overlap/skipped)
Thread 05 processes reads 5217-5379
Thread 00 writes    reads 3913-4075 (3072 overlaps 3072/10966/0 kmer hits with/without overlap/skipped)
Thread 00 processes reads 5380-5542
Thread 01 writes    reads 4239-4401 (2604 overlaps 2604/9196/0 kmer hits with/without overlap/skipped)
Thread 01 processes reads 5543-5705
Thread 03 writes    reads 5054-5216 (2320 overlaps 2320/8966/0 kmer hits with/without overlap/skipped)
Thread 03 processes reads 5706-5868
Thread 02 writes    reads 4402-4564 (2764 overlaps 2764/10006/0 kmer hits with/without overlap/skipped)
Thread 02 processes reads 5869-6031
Thread 07 writes    reads 4728-4890 (2282 overlaps 2282/5216/0 kmer hits with/without overlap/skipped)
Thread 07 processes reads 6032-6194
Thread 04 writes    reads 4891-5053 (2281 overlaps 2281/6845/0 kmer hits with/without overlap/skipped)
Thread 04 processes reads 6195-6357
Thread 05 writes    reads 5217-5379 (2488 overlaps 2488/7214/0 kmer hits with/without overlap/skipped)
Thread 05 processes reads 6358-6520
Thread 06 writes    reads 4565-4727 (2790 overlaps 2790/9286/0 kmer hits with/without overlap/skipped)
Thread 06 processes reads 6521-6683
Thread 01 writes    reads 5543-5705 (2043 overlaps 2043/7126/0 kmer hits with/without overlap/skipped)
Thread 01 processes reads 6684-6846
Thread 00 writes    reads 5380-5542 (2332 overlaps 2332/8679/0 kmer hits with/without overlap/skipped)
Thread 00 processes reads 6847-7009
Thread 03 writes    reads 5706-5868 (2196 overlaps 2196/7355/0 kmer hits with/without overlap/skipped)
Thread 03 processes reads 7010-7172
Thread 04 writes    reads 6195-6357 (1774 overlaps 1774/7331/0 kmer hits with/without overlap/skipped)
Thread 04 processes reads 7173-7335
Thread 07 writes    reads 6032-6194 (1924 overlaps 1924/6632/0 kmer hits with/without overlap/skipped)
Thread 07 processes reads 7336-7498
Thread 02 writes    reads 5869-6031 (1950 overlaps 1950/6385/0 kmer hits with/without overlap/skipped)
Thread 02 processes reads 7499-7661
Thread 06 writes    reads 6521-6683 (1673 overlaps 1673/6211/0 kmer hits with/without overlap/skipped)
Thread 06 processes reads 7662-7824
Thread 05 writes    reads 6358-6520 (1770 overlaps 1770/5665/0 kmer hits with/without overlap/skipped)
Thread 05 processes reads 7825-7987
Thread 00 writes    reads 6847-7009 (1623 overlaps 1623/6745/0 kmer hits with/without overlap/skipped)
Thread 00 processes reads 7988-8150
Thread 01 writes    reads 6684-6846 (1743 overlaps 1743/7291/0 kmer hits with/without overlap/skipped)
Thread 01 processes reads 8151-8313
Thread 02 writes    reads 7499-7661 (1276 overlaps 1276/4063/0 kmer hits with/without overlap/skipped)
Thread 02 processes reads 8314-8476
Thread 03 writes    reads 7010-7172 (1540 overlaps 1540/4989/0 kmer hits with/without overlap/skipped)
Thread 03 processes reads 8477-8639
Thread 04 writes    reads 7173-7335 (1431 overlaps 1431/5286/0 kmer hits with/without overlap/skipped)
Thread 04 processes reads 8640-8802
Thread 06 writes    reads 7662-7824 (1243 overlaps 1243/5730/0 kmer hits with/without overlap/skipped)
Thread 06 processes reads 8803-8965
Thread 00 writes    reads 7988-8150 (1005 overlaps 1005/3022/0 kmer hits with/without overlap/skipped)
Thread 00 processes reads 8966-9128
Thread 07 writes    reads 7336-7498 (1455 overlaps 1455/4980/0 kmer hits with/without overlap/skipped)
Thread 07 processes reads 9129-9291
Thread 05 writes    reads 7825-7987 (1200 overlaps 1200/3841/0 kmer hits with/without overlap/skipped)
Thread 05 processes reads 9292-9454
Thread 01 writes    reads 8151-8313 (1043 overlaps 1043/3056/0 kmer hits with/without overlap/skipped)
Thread 01 processes reads 9455-9617
Thread 02 writes    reads 8314-8476 (1010 overlaps 1010/3214/0 kmer hits with/without overlap/skipped)
Thread 02 processes reads 9618-9780
Thread 04 writes    reads 8640-8802 (807 overlaps 807/2391/0 kmer hits with/without overlap/skipped)
Thread 04 processes reads 9781-9943
Thread 00 writes    reads 8966-9128 (664 overlaps 664/2797/0 kmer hits with/without overlap/skipped)
Thread 00 processes reads 9944-10106
Thread 06 writes    reads 8803-8965 (665 overlaps 665/2725/0 kmer hits with/without overlap/skipped)
Thread 06 processes reads 10107-10269
Thread 03 writes    reads 8477-8639 (878 overlaps 878/3652/0 kmer hits with/without overlap/skipped)
Thread 03 processes reads 10270-10400
Thread 07 writes    reads 9129-9291 (673 overlaps 673/2728/0 kmer hits with/without overlap/skipped)
Thread 01 writes    reads 9455-9617 (424 overlaps 424/1553/0 kmer hits with/without overlap/skipped)
Thread 05 writes    reads 9292-9454 (506 overlaps 506/2019/0 kmer hits with/without overlap/skipped)
Thread 03 writes    reads 10270-10400 (42 overlaps 42/96/0 kmer hits with/without overlap/skipped)
Thread 06 writes    reads 10107-10269 (115 overlaps 115/333/0 kmer hits with/without overlap/skipped)
Thread 02 writes    reads 9618-9780 (360 overlaps 360/1126/0 kmer hits with/without overlap/skipped)
Thread 04 writes    reads 9781-9943 (237 overlaps 237/954/0 kmer hits with/without overlap/skipped)
Thread 00 writes    reads 9944-10106 (232 overlaps 232/806/0 kmer hits with/without overlap/skipped)
Bye.
