
Configuring for:
  hash table:       80000000 bases.
  read stream:    1000000000 bases.


       Raw          Raw  Corrected    Corrected    Trimmed      Trimmed
     Reads        Bases      Reads        Bases      Reads        Bases
---------- ------------ ---------- ------------ ---------- ------------
       322      2983018        293      2470986          0            0
       644      5727833        583      4838822          0            0
       966      8681187        878      7387863          0            0
      1288     11494320       1166      9783458          0            0
      1610     14691858       1447     12502752          0            0
      1932     17608757       1725     14864405          0            0
      2254     20338539       2014     17124790          0            0
      2576     23477555       2303     19642104          0            0
      2898     26629318       2593     22210473          0            0
      3220     29967970       2890     24951261          0            0
      3542     32876247       3169     27222905          0            0
      3864     35870397       3456     29738218          0            0
      4186     38809274       3744     32237729          0            0
      4508     41746733       4028     34726689          0            0
      4830     44685886       4317     37255270          0            0
      5152     47370788       4613     39532937          0            0
      5474     50259745       4912     42040893          0            0
      5796     53289948       5197     44559159          0            0
      6118     56379943       5483     47095559          0            0
      6440     59438711       5764     49602533          0            0
      6762     62338265       6044     52004385          0            0
      7084     65389644       6336     54534076          0            0
      7406     68425844       6619     57057149          0            0
      7728     71379697       6901     59516516          0            0
      8050     74317166       7193     61957590          0            0
      8372     77135546       7490     64351413          0            0
      8694     80201574       7784     66994077          0            0
      9016     83188077       8069     69472588          0            0
      9338     86508091       8357     72341010          0            0
      9660     89555613       8655     75026281          0            0
      9982     92618172       8943     77717227          0            0
     10304     95669522       9241     80421444          0            0
     10626     98514287       9534     82875725          0            0
     10948    101305344       9821     85258010          0            0
     11270    104226465      10120     87758515          0            0
     11592    107293647      10415     90375552          0            0
     11914    110436000      10712     93094624          0            0
     12236    113272191      11000     95505488          0            0
---------- ------------ ---------- ------------ ---------- ------------
     12528    115899341      11268     97749589          0            0

  Job       Hash Range        # Reads      # Bases      Stream Range        # Reads      # Bases
----- --------------------- --------- ------------  --------------------- --------- ------------
    1          1-10257           9177     80005624           1-10257          11245     97752983
    2      10258-12528           2068     17747359           1-12528          11245     97752983
